"2024-01-06 10:00:30 [main] INFO  r.n.c.CardToCardServiceApplication - Starting CardToCardServiceApplication using Java 21 with PID 17884 (C:\Programming\Netology\Projects\_diplom\card-to-card-service\target\classes started by GPB in C:\Programming\Netology\Projects\_diplom\card-to-card-service)
""2024-01-06 10:00:30 [main] INFO  r.n.c.CardToCardServiceApplication - No active profile set, falling back to 1 default profile: "default"
""2024-01-06 10:00:31 [main] INFO  o.s.b.w.e.tomcat.TomcatWebServer - Tomcat initialized with port 8080 (http)
""2024-01-06 10:00:31 [main] INFO  o.a.catalina.core.StandardService - Starting service [Tomcat]
""2024-01-06 10:00:31 [main] INFO  o.a.catalina.core.StandardEngine - Starting Servlet engine: [Apache Tomcat/10.1.17]
""2024-01-06 10:00:31 [main] INFO  o.a.c.c.C.[Tomcat].[localhost].[/] - Initializing Spring embedded WebApplicationContext
""2024-01-06 10:00:31 [main] INFO  o.s.b.w.s.c.ServletWebServerApplicationContext - Root WebApplicationContext: initialization completed in 626 ms
""2024-01-06 10:00:31 [main] INFO  o.s.b.w.e.tomcat.TomcatWebServer - Tomcat started on port 8080 (http) with context path ''
""2024-01-06 10:00:31 [main] INFO  r.n.c.CardToCardServiceApplication - Started CardToCardServiceApplication in 1.245 seconds (process running for 1.671)
""2024-01-06 10:01:04 [http-nio-8080-exec-2] INFO  o.a.c.c.C.[Tomcat].[localhost].[/] - Initializing Spring DispatcherServlet 'dispatcherServlet'
""2024-01-06 10:01:04 [http-nio-8080-exec-2] INFO  o.s.web.servlet.DispatcherServlet - Initializing Servlet 'dispatcherServlet'
""2024-01-06 10:01:04 [http-nio-8080-exec-2] INFO  o.s.web.servlet.DispatcherServlet - Completed initialization in 1 ms
""2024-01-06 10:01:48 [http-nio-8080-exec-6] INFO  r.n.c.controler.TransferControler - test
""2024-01-06 10:04:19 [main] INFO  r.n.c.CardToCardServiceApplication - Starting CardToCardServiceApplication using Java 21 with PID 248 (C:\Programming\Netology\Projects\_diplom\card-to-card-service\target\classes started by GPB in C:\Programming\Netology\Projects\_diplom\card-to-card-service)
""2024-01-06 10:04:19 [main] INFO  r.n.c.CardToCardServiceApplication - No active profile set, falling back to 1 default profile: "default"
""2024-01-06 10:04:19 [main] INFO  o.s.b.w.e.tomcat.TomcatWebServer - Tomcat initialized with port 8080 (http)
""2024-01-06 10:04:19 [main] INFO  o.a.catalina.core.StandardService - Starting service [Tomcat]
""2024-01-06 10:04:19 [main] INFO  o.a.catalina.core.StandardEngine - Starting Servlet engine: [Apache Tomcat/10.1.17]
""2024-01-06 10:04:19 [main] INFO  o.a.c.c.C.[Tomcat].[localhost].[/] - Initializing Spring embedded WebApplicationContext
""2024-01-06 10:04:19 [main] INFO  o.s.b.w.s.c.ServletWebServerApplicationContext - Root WebApplicationContext: initialization completed in 687 ms
""2024-01-06 10:04:20 [main] INFO  o.s.b.w.e.tomcat.TomcatWebServer - Tomcat started on port 8080 (http) with context path ''
""2024-01-06 10:04:20 [main] INFO  r.n.c.CardToCardServiceApplication - Started CardToCardServiceApplication in 1.218 seconds (process running for 1.695)
""2024-01-06 10:04:22 [http-nio-8080-exec-1] INFO  o.a.c.c.C.[Tomcat].[localhost].[/] - Initializing Spring DispatcherServlet 'dispatcherServlet'
""2024-01-06 10:04:22 [http-nio-8080-exec-1] INFO  o.s.web.servlet.DispatcherServlet - Initializing Servlet 'dispatcherServlet'
""2024-01-06 10:04:22 [http-nio-8080-exec-1] INFO  o.s.web.servlet.DispatcherServlet - Completed initialization in 1 ms
""2024-01-06 10:04:22 [http-nio-8080-exec-1] INFO  r.n.c.controler.TransferControler - TransferInfo(cardFromNumber=4548987854653322, cardFromValidTill=0824, cardFromCVV=581, cardToNumber=4548987854653311, amount=TransferAmount(value=500, currency=RUB), transactionRegistrationTime=null, commissionAmount=null)
""2024-01-06 10:04:22 [http-nio-8080-exec-1] INFO  r.n.c.controler.TransferControler - test
""2024-01-06 11:17:11 [main] INFO  r.n.c.CardToCardServiceApplication - Starting CardToCardServiceApplication using Java 21 with PID 9276 (C:\Programming\Netology\Projects\_diplom\card-to-card-service\target\classes started by GPB in C:\Programming\Netology\Projects\_diplom\card-to-card-service)
""2024-01-06 11:17:11 [main] INFO  r.n.c.CardToCardServiceApplication - No active profile set, falling back to 1 default profile: "default"
""2024-01-06 11:17:11 [main] INFO  o.s.b.w.e.tomcat.TomcatWebServer - Tomcat initialized with port 8080 (http)
""2024-01-06 11:17:11 [main] INFO  o.a.catalina.core.StandardService - Starting service [Tomcat]
""2024-01-06 11:17:11 [main] INFO  o.a.catalina.core.StandardEngine - Starting Servlet engine: [Apache Tomcat/10.1.17]
""2024-01-06 11:17:11 [main] INFO  o.a.c.c.C.[Tomcat].[localhost].[/] - Initializing Spring embedded WebApplicationContext
""2024-01-06 11:17:11 [main] INFO  o.s.b.w.s.c.ServletWebServerApplicationContext - Root WebApplicationContext: initialization completed in 571 ms
""2024-01-06 11:17:11 [main] INFO  o.s.b.w.e.tomcat.TomcatWebServer - Tomcat started on port 8080 (http) with context path ''
""2024-01-06 11:17:11 [main] INFO  r.n.c.CardToCardServiceApplication - Started CardToCardServiceApplication in 1.122 seconds (process running for 1.988)
""2024-01-06 11:17:15 [http-nio-8080-exec-2] INFO  o.a.c.c.C.[Tomcat].[localhost].[/] - Initializing Spring DispatcherServlet 'dispatcherServlet'
""2024-01-06 11:17:15 [http-nio-8080-exec-2] INFO  o.s.web.servlet.DispatcherServlet - Initializing Servlet 'dispatcherServlet'
""2024-01-06 11:17:15 [http-nio-8080-exec-2] INFO  o.s.web.servlet.DispatcherServlet - Completed initialization in 0 ms
""2024-01-06 11:18:15 [http-nio-8080-exec-2] ERROR o.a.c.c.C.[.[.[.[dispatcherServlet] - Servlet.service() for servlet [dispatcherServlet] in context with path [] threw exception [Request processing failed: java.lang.IllegalAccessException: class ru.netology.cardtocardservice.processor.ValidationProcessor cannot access a member of class ru.netology.cardtocardservice.domain.TransferInfo with modifiers "private"] with root cause
"java.lang.IllegalAccessException: class ru.netology.cardtocardservice.processor.ValidationProcessor cannot access a member of class ru.netology.cardtocardservice.domain.TransferInfo with modifiers "private"
	at java.base/jdk.internal.reflect.Reflection.newIllegalAccessException(Reflection.java:394)
	at java.base/java.lang.reflect.AccessibleObject.checkAccess(AccessibleObject.java:714)
	at java.base/java.lang.reflect.Field.checkAccess(Field.java:1156)
	at java.base/java.lang.reflect.Field.get(Field.java:441)
	at ru.netology.cardtocardservice.processor.ValidationProcessor.validatePeriodActionCard(ValidationProcessor.java:19)
	at ru.netology.cardtocardservice.processor.ValidationProcessor.validateTransferInfo(ValidationProcessor.java:13)
	at ru.netology.cardtocardservice.controler.TransferControler.doTransfer(TransferControler.java:30)
	at java.base/jdk.internal.reflect.DirectMethodHandleAccessor.invoke(DirectMethodHandleAccessor.java:103)
	at java.base/java.lang.reflect.Method.invoke(Method.java:580)
	at org.springframework.aop.support.AopUtils.invokeJoinpointUsingReflection(AopUtils.java:352)
	at org.springframework.aop.framework.ReflectiveMethodInvocation.invokeJoinpoint(ReflectiveMethodInvocation.java:196)
	at org.springframework.aop.framework.ReflectiveMethodInvocation.proceed(ReflectiveMethodInvocation.java:163)
	at org.springframework.aop.framework.CglibAopProxy$CglibMethodInvocation.proceed(CglibAopProxy.java:765)
	at org.springframework.validation.beanvalidation.MethodValidationInterceptor.invoke(MethodValidationInterceptor.java:174)
	at org.springframework.aop.framework.ReflectiveMethodInvocation.proceed(ReflectiveMethodInvocation.java:184)
	at org.springframework.aop.framework.CglibAopProxy$CglibMethodInvocation.proceed(CglibAopProxy.java:765)
	at org.springframework.aop.framework.CglibAopProxy$DynamicAdvisedInterceptor.intercept(CglibAopProxy.java:717)
	at ru.netology.cardtocardservice.controler.TransferControler$$SpringCGLIB$$0.doTransfer(<generated>)
	at java.base/jdk.internal.reflect.DirectMethodHandleAccessor.invoke(DirectMethodHandleAccessor.java:103)
	at java.base/java.lang.reflect.Method.invoke(Method.java:580)
	at org.springframework.web.method.support.InvocableHandlerMethod.doInvoke(InvocableHandlerMethod.java:262)
	at org.springframework.web.method.support.InvocableHandlerMethod.invokeForRequest(InvocableHandlerMethod.java:190)
	at org.springframework.web.servlet.mvc.method.annotation.ServletInvocableHandlerMethod.invokeAndHandle(ServletInvocableHandlerMethod.java:118)
	at org.springframework.web.servlet.mvc.method.annotation.RequestMappingHandlerAdapter.invokeHandlerMethod(RequestMappingHandlerAdapter.java:917)
	at org.springframework.web.servlet.mvc.method.annotation.RequestMappingHandlerAdapter.handleInternal(RequestMappingHandlerAdapter.java:829)
	at org.springframework.web.servlet.mvc.method.AbstractHandlerMethodAdapter.handle(AbstractHandlerMethodAdapter.java:87)
	at org.springframework.web.servlet.DispatcherServlet.doDispatch(DispatcherServlet.java:1089)
	at org.springframework.web.servlet.DispatcherServlet.doService(DispatcherServlet.java:979)
	at org.springframework.web.servlet.FrameworkServlet.processRequest(FrameworkServlet.java:1014)
	at org.springframework.web.servlet.FrameworkServlet.doPost(FrameworkServlet.java:914)
	at jakarta.servlet.http.HttpServlet.service(HttpServlet.java:590)
	at org.springframework.web.servlet.FrameworkServlet.service(FrameworkServlet.java:885)
	at jakarta.servlet.http.HttpServlet.service(HttpServlet.java:658)
	at org.apache.catalina.core.ApplicationFilterChain.internalDoFilter(ApplicationFilterChain.java:205)
	at org.apache.catalina.core.ApplicationFilterChain.doFilter(ApplicationFilterChain.java:149)
	at org.apache.tomcat.websocket.server.WsFilter.doFilter(WsFilter.java:51)
	at org.apache.catalina.core.ApplicationFilterChain.internalDoFilter(ApplicationFilterChain.java:174)
	at org.apache.catalina.core.ApplicationFilterChain.doFilter(ApplicationFilterChain.java:149)
	at org.springframework.web.filter.RequestContextFilter.doFilterInternal(RequestContextFilter.java:100)
	at org.springframework.web.filter.OncePerRequestFilter.doFilter(OncePerRequestFilter.java:116)
	at org.apache.catalina.core.ApplicationFilterChain.internalDoFilter(ApplicationFilterChain.java:174)
	at org.apache.catalina.core.ApplicationFilterChain.doFilter(ApplicationFilterChain.java:149)
	at org.springframework.web.filter.FormContentFilter.doFilterInternal(FormContentFilter.java:93)
	at org.springframework.web.filter.OncePerRequestFilter.doFilter(OncePerRequestFilter.java:116)
	at org.apache.catalina.core.ApplicationFilterChain.internalDoFilter(ApplicationFilterChain.java:174)
	at org.apache.catalina.core.ApplicationFilterChain.doFilter(ApplicationFilterChain.java:149)
	at org.springframework.web.filter.CharacterEncodingFilter.doFilterInternal(CharacterEncodingFilter.java:201)
	at org.springframework.web.filter.OncePerRequestFilter.doFilter(OncePerRequestFilter.java:116)
	at org.apache.catalina.core.ApplicationFilterChain.internalDoFilter(ApplicationFilterChain.java:174)
	at org.apache.catalina.core.ApplicationFilterChain.doFilter(ApplicationFilterChain.java:149)
	at org.apache.catalina.core.StandardWrapperValve.invoke(StandardWrapperValve.java:167)
	at org.apache.catalina.core.StandardContextValve.invoke(StandardContextValve.java:90)
	at org.apache.catalina.authenticator.AuthenticatorBase.invoke(AuthenticatorBase.java:482)
	at org.apache.catalina.core.StandardHostValve.invoke(StandardHostValve.java:115)
	at org.apache.catalina.valves.ErrorReportValve.invoke(ErrorReportValve.java:93)
	at org.apache.catalina.core.StandardEngineValve.invoke(StandardEngineValve.java:74)
	at org.apache.catalina.connector.CoyoteAdapter.service(CoyoteAdapter.java:340)
	at org.apache.coyote.http11.Http11Processor.service(Http11Processor.java:391)
	at org.apache.coyote.AbstractProcessorLight.process(AbstractProcessorLight.java:63)
	at org.apache.coyote.AbstractProtocol$ConnectionHandler.process(AbstractProtocol.java:896)
	at org.apache.tomcat.util.net.NioEndpoint$SocketProcessor.doRun(NioEndpoint.java:1744)
	at org.apache.tomcat.util.net.SocketProcessorBase.run(SocketProcessorBase.java:52)
	at org.apache.tomcat.util.threads.ThreadPoolExecutor.runWorker(ThreadPoolExecutor.java:1191)
	at org.apache.tomcat.util.threads.ThreadPoolExecutor$Worker.run(ThreadPoolExecutor.java:659)
	at org.apache.tomcat.util.threads.TaskThread$WrappingRunnable.run(TaskThread.java:61)
	at java.base/java.lang.Thread.run(Thread.java:1583)
"2024-01-06 11:18:33 [main] INFO  r.n.c.CardToCardServiceApplication - Starting CardToCardServiceApplication using Java 21 with PID 676 (C:\Programming\Netology\Projects\_diplom\card-to-card-service\target\classes started by GPB in C:\Programming\Netology\Projects\_diplom\card-to-card-service)
""2024-01-06 11:18:33 [main] INFO  r.n.c.CardToCardServiceApplication - No active profile set, falling back to 1 default profile: "default"
""2024-01-06 11:18:34 [main] INFO  o.s.b.w.e.tomcat.TomcatWebServer - Tomcat initialized with port 8080 (http)
""2024-01-06 11:18:34 [main] INFO  o.a.catalina.core.StandardService - Starting service [Tomcat]
""2024-01-06 11:18:34 [main] INFO  o.a.catalina.core.StandardEngine - Starting Servlet engine: [Apache Tomcat/10.1.17]
""2024-01-06 11:18:34 [main] INFO  o.a.c.c.C.[Tomcat].[localhost].[/] - Initializing Spring embedded WebApplicationContext
""2024-01-06 11:18:34 [main] INFO  o.s.b.w.s.c.ServletWebServerApplicationContext - Root WebApplicationContext: initialization completed in 608 ms
""2024-01-06 11:18:34 [main] INFO  o.s.b.w.e.tomcat.TomcatWebServer - Tomcat started on port 8080 (http) with context path ''
""2024-01-06 11:18:34 [main] INFO  r.n.c.CardToCardServiceApplication - Started CardToCardServiceApplication in 1.175 seconds (process running for 1.712)
""2024-01-06 11:18:39 [http-nio-8080-exec-1] INFO  o.a.c.c.C.[Tomcat].[localhost].[/] - Initializing Spring DispatcherServlet 'dispatcherServlet'
""2024-01-06 11:18:39 [http-nio-8080-exec-1] INFO  o.s.web.servlet.DispatcherServlet - Initializing Servlet 'dispatcherServlet'
""2024-01-06 11:18:39 [http-nio-8080-exec-1] INFO  o.s.web.servlet.DispatcherServlet - Completed initialization in 1 ms
""2024-01-06 11:18:48 [http-nio-8080-exec-1] ERROR o.a.c.c.C.[.[.[.[dispatcherServlet] - Servlet.service() for servlet [dispatcherServlet] in context with path [] threw exception [Request processing failed: java.lang.IllegalAccessException: class ru.netology.cardtocardservice.processor.ValidationProcessor cannot access a member of class ru.netology.cardtocardservice.domain.TransferInfo with modifiers "private"] with root cause
"java.lang.IllegalAccessException: class ru.netology.cardtocardservice.processor.ValidationProcessor cannot access a member of class ru.netology.cardtocardservice.domain.TransferInfo with modifiers "private"
	at java.base/jdk.internal.reflect.Reflection.newIllegalAccessException(Reflection.java:394)
	at java.base/java.lang.reflect.AccessibleObject.checkAccess(AccessibleObject.java:714)
	at java.base/java.lang.reflect.Field.checkAccess(Field.java:1156)
	at java.base/java.lang.reflect.Field.get(Field.java:441)
	at ru.netology.cardtocardservice.processor.ValidationProcessor.validatePeriodActionCard(ValidationProcessor.java:19)
	at ru.netology.cardtocardservice.processor.ValidationProcessor.validateTransferInfo(ValidationProcessor.java:13)
	at ru.netology.cardtocardservice.controler.TransferControler.doTransfer(TransferControler.java:30)
	at java.base/jdk.internal.reflect.DirectMethodHandleAccessor.invoke(DirectMethodHandleAccessor.java:103)
	at java.base/java.lang.reflect.Method.invoke(Method.java:580)
	at org.springframework.aop.support.AopUtils.invokeJoinpointUsingReflection(AopUtils.java:352)
	at org.springframework.aop.framework.ReflectiveMethodInvocation.invokeJoinpoint(ReflectiveMethodInvocation.java:196)
	at org.springframework.aop.framework.ReflectiveMethodInvocation.proceed(ReflectiveMethodInvocation.java:163)
	at org.springframework.aop.framework.CglibAopProxy$CglibMethodInvocation.proceed(CglibAopProxy.java:765)
	at org.springframework.validation.beanvalidation.MethodValidationInterceptor.invoke(MethodValidationInterceptor.java:174)
	at org.springframework.aop.framework.ReflectiveMethodInvocation.proceed(ReflectiveMethodInvocation.java:184)
	at org.springframework.aop.framework.CglibAopProxy$CglibMethodInvocation.proceed(CglibAopProxy.java:765)
	at org.springframework.aop.framework.CglibAopProxy$DynamicAdvisedInterceptor.intercept(CglibAopProxy.java:717)
	at ru.netology.cardtocardservice.controler.TransferControler$$SpringCGLIB$$0.doTransfer(<generated>)
	at java.base/jdk.internal.reflect.DirectMethodHandleAccessor.invoke(DirectMethodHandleAccessor.java:103)
	at java.base/java.lang.reflect.Method.invoke(Method.java:580)
	at org.springframework.web.method.support.InvocableHandlerMethod.doInvoke(InvocableHandlerMethod.java:262)
	at org.springframework.web.method.support.InvocableHandlerMethod.invokeForRequest(InvocableHandlerMethod.java:190)
	at org.springframework.web.servlet.mvc.method.annotation.ServletInvocableHandlerMethod.invokeAndHandle(ServletInvocableHandlerMethod.java:118)
	at org.springframework.web.servlet.mvc.method.annotation.RequestMappingHandlerAdapter.invokeHandlerMethod(RequestMappingHandlerAdapter.java:917)
	at org.springframework.web.servlet.mvc.method.annotation.RequestMappingHandlerAdapter.handleInternal(RequestMappingHandlerAdapter.java:829)
	at org.springframework.web.servlet.mvc.method.AbstractHandlerMethodAdapter.handle(AbstractHandlerMethodAdapter.java:87)
	at org.springframework.web.servlet.DispatcherServlet.doDispatch(DispatcherServlet.java:1089)
	at org.springframework.web.servlet.DispatcherServlet.doService(DispatcherServlet.java:979)
	at org.springframework.web.servlet.FrameworkServlet.processRequest(FrameworkServlet.java:1014)
	at org.springframework.web.servlet.FrameworkServlet.doPost(FrameworkServlet.java:914)
	at jakarta.servlet.http.HttpServlet.service(HttpServlet.java:590)
	at org.springframework.web.servlet.FrameworkServlet.service(FrameworkServlet.java:885)
	at jakarta.servlet.http.HttpServlet.service(HttpServlet.java:658)
	at org.apache.catalina.core.ApplicationFilterChain.internalDoFilter(ApplicationFilterChain.java:205)
	at org.apache.catalina.core.ApplicationFilterChain.doFilter(ApplicationFilterChain.java:149)
	at org.apache.tomcat.websocket.server.WsFilter.doFilter(WsFilter.java:51)
	at org.apache.catalina.core.ApplicationFilterChain.internalDoFilter(ApplicationFilterChain.java:174)
	at org.apache.catalina.core.ApplicationFilterChain.doFilter(ApplicationFilterChain.java:149)
	at org.springframework.web.filter.RequestContextFilter.doFilterInternal(RequestContextFilter.java:100)
	at org.springframework.web.filter.OncePerRequestFilter.doFilter(OncePerRequestFilter.java:116)
	at org.apache.catalina.core.ApplicationFilterChain.internalDoFilter(ApplicationFilterChain.java:174)
	at org.apache.catalina.core.ApplicationFilterChain.doFilter(ApplicationFilterChain.java:149)
	at org.springframework.web.filter.FormContentFilter.doFilterInternal(FormContentFilter.java:93)
	at org.springframework.web.filter.OncePerRequestFilter.doFilter(OncePerRequestFilter.java:116)
	at org.apache.catalina.core.ApplicationFilterChain.internalDoFilter(ApplicationFilterChain.java:174)
	at org.apache.catalina.core.ApplicationFilterChain.doFilter(ApplicationFilterChain.java:149)
	at org.springframework.web.filter.CharacterEncodingFilter.doFilterInternal(CharacterEncodingFilter.java:201)
	at org.springframework.web.filter.OncePerRequestFilter.doFilter(OncePerRequestFilter.java:116)
	at org.apache.catalina.core.ApplicationFilterChain.internalDoFilter(ApplicationFilterChain.java:174)
	at org.apache.catalina.core.ApplicationFilterChain.doFilter(ApplicationFilterChain.java:149)
	at org.apache.catalina.core.StandardWrapperValve.invoke(StandardWrapperValve.java:167)
	at org.apache.catalina.core.StandardContextValve.invoke(StandardContextValve.java:90)
	at org.apache.catalina.authenticator.AuthenticatorBase.invoke(AuthenticatorBase.java:482)
	at org.apache.catalina.core.StandardHostValve.invoke(StandardHostValve.java:115)
	at org.apache.catalina.valves.ErrorReportValve.invoke(ErrorReportValve.java:93)
	at org.apache.catalina.core.StandardEngineValve.invoke(StandardEngineValve.java:74)
	at org.apache.catalina.connector.CoyoteAdapter.service(CoyoteAdapter.java:340)
	at org.apache.coyote.http11.Http11Processor.service(Http11Processor.java:391)
	at org.apache.coyote.AbstractProcessorLight.process(AbstractProcessorLight.java:63)
	at org.apache.coyote.AbstractProtocol$ConnectionHandler.process(AbstractProtocol.java:896)
	at org.apache.tomcat.util.net.NioEndpoint$SocketProcessor.doRun(NioEndpoint.java:1744)
	at org.apache.tomcat.util.net.SocketProcessorBase.run(SocketProcessorBase.java:52)
	at org.apache.tomcat.util.threads.ThreadPoolExecutor.runWorker(ThreadPoolExecutor.java:1191)
	at org.apache.tomcat.util.threads.ThreadPoolExecutor$Worker.run(ThreadPoolExecutor.java:659)
	at org.apache.tomcat.util.threads.TaskThread$WrappingRunnable.run(TaskThread.java:61)
	at java.base/java.lang.Thread.run(Thread.java:1583)
"2024-01-06 11:19:17 [main] INFO  r.n.c.CardToCardServiceApplication - Starting CardToCardServiceApplication using Java 21 with PID 11352 (C:\Programming\Netology\Projects\_diplom\card-to-card-service\target\classes started by GPB in C:\Programming\Netology\Projects\_diplom\card-to-card-service)
""2024-01-06 11:19:17 [main] INFO  r.n.c.CardToCardServiceApplication - No active profile set, falling back to 1 default profile: "default"
""2024-01-06 11:19:18 [main] INFO  o.s.b.w.e.tomcat.TomcatWebServer - Tomcat initialized with port 8080 (http)
""2024-01-06 11:19:18 [main] INFO  o.a.catalina.core.StandardService - Starting service [Tomcat]
""2024-01-06 11:19:18 [main] INFO  o.a.catalina.core.StandardEngine - Starting Servlet engine: [Apache Tomcat/10.1.17]
""2024-01-06 11:19:18 [main] INFO  o.a.c.c.C.[Tomcat].[localhost].[/] - Initializing Spring embedded WebApplicationContext
""2024-01-06 11:19:18 [main] INFO  o.s.b.w.s.c.ServletWebServerApplicationContext - Root WebApplicationContext: initialization completed in 549 ms
""2024-01-06 11:19:18 [main] INFO  o.s.b.w.e.tomcat.TomcatWebServer - Tomcat started on port 8080 (http) with context path ''
""2024-01-06 11:19:18 [main] INFO  r.n.c.CardToCardServiceApplication - Started CardToCardServiceApplication in 1.041 seconds (process running for 1.398)
""2024-01-06 11:19:21 [main] INFO  r.n.c.CardToCardServiceApplication - Starting CardToCardServiceApplication using Java 21 with PID 13328 (C:\Programming\Netology\Projects\_diplom\card-to-card-service\target\classes started by GPB in C:\Programming\Netology\Projects\_diplom\card-to-card-service)
""2024-01-06 11:19:21 [main] INFO  r.n.c.CardToCardServiceApplication - No active profile set, falling back to 1 default profile: "default"
""2024-01-06 11:19:21 [main] INFO  o.s.b.w.e.tomcat.TomcatWebServer - Tomcat initialized with port 8080 (http)
""2024-01-06 11:19:21 [main] INFO  o.a.catalina.core.StandardService - Starting service [Tomcat]
""2024-01-06 11:19:21 [main] INFO  o.a.catalina.core.StandardEngine - Starting Servlet engine: [Apache Tomcat/10.1.17]
""2024-01-06 11:19:21 [main] INFO  o.a.c.c.C.[Tomcat].[localhost].[/] - Initializing Spring embedded WebApplicationContext
""2024-01-06 11:19:21 [main] INFO  o.s.b.w.s.c.ServletWebServerApplicationContext - Root WebApplicationContext: initialization completed in 611 ms
""2024-01-06 11:19:22 [main] INFO  o.s.b.w.e.tomcat.TomcatWebServer - Tomcat started on port 8080 (http) with context path ''
""2024-01-06 11:19:22 [main] INFO  r.n.c.CardToCardServiceApplication - Started CardToCardServiceApplication in 1.172 seconds (process running for 1.615)
""2024-01-06 11:19:23 [http-nio-8080-exec-2] INFO  o.a.c.c.C.[Tomcat].[localhost].[/] - Initializing Spring DispatcherServlet 'dispatcherServlet'
""2024-01-06 11:19:23 [http-nio-8080-exec-2] INFO  o.s.web.servlet.DispatcherServlet - Initializing Servlet 'dispatcherServlet'
""2024-01-06 11:19:23 [http-nio-8080-exec-2] INFO  o.s.web.servlet.DispatcherServlet - Completed initialization in 1 ms
""2024-01-06 11:20:15 [http-nio-8080-exec-2] ERROR o.a.c.c.C.[.[.[.[dispatcherServlet] - Servlet.service() for servlet [dispatcherServlet] in context with path [] threw exception [Request processing failed: java.lang.IllegalAccessException: class ru.netology.cardtocardservice.processor.ValidationProcessor cannot access a member of class ru.netology.cardtocardservice.domain.TransferInfo with modifiers "private"] with root cause
"java.lang.IllegalAccessException: class ru.netology.cardtocardservice.processor.ValidationProcessor cannot access a member of class ru.netology.cardtocardservice.domain.TransferInfo with modifiers "private"
	at java.base/jdk.internal.reflect.Reflection.newIllegalAccessException(Reflection.java:394)
	at java.base/java.lang.reflect.AccessibleObject.checkAccess(AccessibleObject.java:714)
	at java.base/java.lang.reflect.Field.checkAccess(Field.java:1156)
	at java.base/java.lang.reflect.Field.get(Field.java:441)
	at ru.netology.cardtocardservice.processor.ValidationProcessor.validatePeriodActionCard(ValidationProcessor.java:19)
	at ru.netology.cardtocardservice.processor.ValidationProcessor.validateTransferInfo(ValidationProcessor.java:13)
	at ru.netology.cardtocardservice.controler.TransferControler.doTransfer(TransferControler.java:30)
	at java.base/jdk.internal.reflect.DirectMethodHandleAccessor.invoke(DirectMethodHandleAccessor.java:103)
	at java.base/java.lang.reflect.Method.invoke(Method.java:580)
	at org.springframework.aop.support.AopUtils.invokeJoinpointUsingReflection(AopUtils.java:352)
	at org.springframework.aop.framework.ReflectiveMethodInvocation.invokeJoinpoint(ReflectiveMethodInvocation.java:196)
	at org.springframework.aop.framework.ReflectiveMethodInvocation.proceed(ReflectiveMethodInvocation.java:163)
	at org.springframework.aop.framework.CglibAopProxy$CglibMethodInvocation.proceed(CglibAopProxy.java:765)
	at org.springframework.validation.beanvalidation.MethodValidationInterceptor.invoke(MethodValidationInterceptor.java:174)
	at org.springframework.aop.framework.ReflectiveMethodInvocation.proceed(ReflectiveMethodInvocation.java:184)
	at org.springframework.aop.framework.CglibAopProxy$CglibMethodInvocation.proceed(CglibAopProxy.java:765)
	at org.springframework.aop.framework.CglibAopProxy$DynamicAdvisedInterceptor.intercept(CglibAopProxy.java:717)
	at ru.netology.cardtocardservice.controler.TransferControler$$SpringCGLIB$$0.doTransfer(<generated>)
	at java.base/jdk.internal.reflect.DirectMethodHandleAccessor.invoke(DirectMethodHandleAccessor.java:103)
	at java.base/java.lang.reflect.Method.invoke(Method.java:580)
	at org.springframework.web.method.support.InvocableHandlerMethod.doInvoke(InvocableHandlerMethod.java:262)
	at org.springframework.web.method.support.InvocableHandlerMethod.invokeForRequest(InvocableHandlerMethod.java:190)
	at org.springframework.web.servlet.mvc.method.annotation.ServletInvocableHandlerMethod.invokeAndHandle(ServletInvocableHandlerMethod.java:118)
	at org.springframework.web.servlet.mvc.method.annotation.RequestMappingHandlerAdapter.invokeHandlerMethod(RequestMappingHandlerAdapter.java:917)
	at org.springframework.web.servlet.mvc.method.annotation.RequestMappingHandlerAdapter.handleInternal(RequestMappingHandlerAdapter.java:829)
	at org.springframework.web.servlet.mvc.method.AbstractHandlerMethodAdapter.handle(AbstractHandlerMethodAdapter.java:87)
	at org.springframework.web.servlet.DispatcherServlet.doDispatch(DispatcherServlet.java:1089)
	at org.springframework.web.servlet.DispatcherServlet.doService(DispatcherServlet.java:979)
	at org.springframework.web.servlet.FrameworkServlet.processRequest(FrameworkServlet.java:1014)
	at org.springframework.web.servlet.FrameworkServlet.doPost(FrameworkServlet.java:914)
	at jakarta.servlet.http.HttpServlet.service(HttpServlet.java:590)
	at org.springframework.web.servlet.FrameworkServlet.service(FrameworkServlet.java:885)
	at jakarta.servlet.http.HttpServlet.service(HttpServlet.java:658)
	at org.apache.catalina.core.ApplicationFilterChain.internalDoFilter(ApplicationFilterChain.java:205)
	at org.apache.catalina.core.ApplicationFilterChain.doFilter(ApplicationFilterChain.java:149)
	at org.apache.tomcat.websocket.server.WsFilter.doFilter(WsFilter.java:51)
	at org.apache.catalina.core.ApplicationFilterChain.internalDoFilter(ApplicationFilterChain.java:174)
	at org.apache.catalina.core.ApplicationFilterChain.doFilter(ApplicationFilterChain.java:149)
	at org.springframework.web.filter.RequestContextFilter.doFilterInternal(RequestContextFilter.java:100)
	at org.springframework.web.filter.OncePerRequestFilter.doFilter(OncePerRequestFilter.java:116)
	at org.apache.catalina.core.ApplicationFilterChain.internalDoFilter(ApplicationFilterChain.java:174)
	at org.apache.catalina.core.ApplicationFilterChain.doFilter(ApplicationFilterChain.java:149)
	at org.springframework.web.filter.FormContentFilter.doFilterInternal(FormContentFilter.java:93)
	at org.springframework.web.filter.OncePerRequestFilter.doFilter(OncePerRequestFilter.java:116)
	at org.apache.catalina.core.ApplicationFilterChain.internalDoFilter(ApplicationFilterChain.java:174)
	at org.apache.catalina.core.ApplicationFilterChain.doFilter(ApplicationFilterChain.java:149)
	at org.springframework.web.filter.CharacterEncodingFilter.doFilterInternal(CharacterEncodingFilter.java:201)
	at org.springframework.web.filter.OncePerRequestFilter.doFilter(OncePerRequestFilter.java:116)
	at org.apache.catalina.core.ApplicationFilterChain.internalDoFilter(ApplicationFilterChain.java:174)
	at org.apache.catalina.core.ApplicationFilterChain.doFilter(ApplicationFilterChain.java:149)
	at org.apache.catalina.core.StandardWrapperValve.invoke(StandardWrapperValve.java:167)
	at org.apache.catalina.core.StandardContextValve.invoke(StandardContextValve.java:90)
	at org.apache.catalina.authenticator.AuthenticatorBase.invoke(AuthenticatorBase.java:482)
	at org.apache.catalina.core.StandardHostValve.invoke(StandardHostValve.java:115)
	at org.apache.catalina.valves.ErrorReportValve.invoke(ErrorReportValve.java:93)
	at org.apache.catalina.core.StandardEngineValve.invoke(StandardEngineValve.java:74)
	at org.apache.catalina.connector.CoyoteAdapter.service(CoyoteAdapter.java:340)
	at org.apache.coyote.http11.Http11Processor.service(Http11Processor.java:391)
	at org.apache.coyote.AbstractProcessorLight.process(AbstractProcessorLight.java:63)
	at org.apache.coyote.AbstractProtocol$ConnectionHandler.process(AbstractProtocol.java:896)
	at org.apache.tomcat.util.net.NioEndpoint$SocketProcessor.doRun(NioEndpoint.java:1744)
	at org.apache.tomcat.util.net.SocketProcessorBase.run(SocketProcessorBase.java:52)
	at org.apache.tomcat.util.threads.ThreadPoolExecutor.runWorker(ThreadPoolExecutor.java:1191)
	at org.apache.tomcat.util.threads.ThreadPoolExecutor$Worker.run(ThreadPoolExecutor.java:659)
	at org.apache.tomcat.util.threads.TaskThread$WrappingRunnable.run(TaskThread.java:61)
	at java.base/java.lang.Thread.run(Thread.java:1583)
"2024-01-06 11:20:34 [main] INFO  r.n.c.CardToCardServiceApplication - Starting CardToCardServiceApplication using Java 21 with PID 6136 (C:\Programming\Netology\Projects\_diplom\card-to-card-service\target\classes started by GPB in C:\Programming\Netology\Projects\_diplom\card-to-card-service)
""2024-01-06 11:20:34 [main] INFO  r.n.c.CardToCardServiceApplication - No active profile set, falling back to 1 default profile: "default"
""2024-01-06 11:20:35 [main] INFO  o.s.b.w.e.tomcat.TomcatWebServer - Tomcat initialized with port 8080 (http)
""2024-01-06 11:20:35 [main] INFO  o.a.catalina.core.StandardService - Starting service [Tomcat]
""2024-01-06 11:20:35 [main] INFO  o.a.catalina.core.StandardEngine - Starting Servlet engine: [Apache Tomcat/10.1.17]
""2024-01-06 11:20:35 [main] INFO  o.a.c.c.C.[Tomcat].[localhost].[/] - Initializing Spring embedded WebApplicationContext
""2024-01-06 11:20:35 [main] INFO  o.s.b.w.s.c.ServletWebServerApplicationContext - Root WebApplicationContext: initialization completed in 541 ms
""2024-01-06 11:20:35 [main] INFO  o.s.b.w.e.tomcat.TomcatWebServer - Tomcat started on port 8080 (http) with context path ''
""2024-01-06 11:20:35 [main] INFO  r.n.c.CardToCardServiceApplication - Started CardToCardServiceApplication in 1.023 seconds (process running for 1.377)
""2024-01-06 11:20:39 [http-nio-8080-exec-1] INFO  o.a.c.c.C.[Tomcat].[localhost].[/] - Initializing Spring DispatcherServlet 'dispatcherServlet'
""2024-01-06 11:20:39 [http-nio-8080-exec-1] INFO  o.s.web.servlet.DispatcherServlet - Initializing Servlet 'dispatcherServlet'
""2024-01-06 11:20:39 [http-nio-8080-exec-1] INFO  o.s.web.servlet.DispatcherServlet - Completed initialization in 1 ms
""2024-01-06 11:20:40 [http-nio-8080-exec-1] ERROR o.a.c.c.C.[.[.[.[dispatcherServlet] - Servlet.service() for servlet [dispatcherServlet] in context with path [] threw exception [Request processing failed: java.lang.IllegalAccessException: class ru.netology.cardtocardservice.processor.ValidationProcessor cannot access a member of class ru.netology.cardtocardservice.domain.TransferInfo with modifiers "private"] with root cause
"java.lang.IllegalAccessException: class ru.netology.cardtocardservice.processor.ValidationProcessor cannot access a member of class ru.netology.cardtocardservice.domain.TransferInfo with modifiers "private"
	at java.base/jdk.internal.reflect.Reflection.newIllegalAccessException(Reflection.java:394)
	at java.base/java.lang.reflect.AccessibleObject.checkAccess(AccessibleObject.java:714)
	at java.base/java.lang.reflect.Field.checkAccess(Field.java:1156)
	at java.base/java.lang.reflect.Field.get(Field.java:441)
	at ru.netology.cardtocardservice.processor.ValidationProcessor.validatePeriodActionCard(ValidationProcessor.java:19)
	at ru.netology.cardtocardservice.processor.ValidationProcessor.validateTransferInfo(ValidationProcessor.java:13)
	at ru.netology.cardtocardservice.controler.TransferControler.doTransfer(TransferControler.java:30)
	at java.base/jdk.internal.reflect.DirectMethodHandleAccessor.invoke(DirectMethodHandleAccessor.java:103)
	at java.base/java.lang.reflect.Method.invoke(Method.java:580)
	at org.springframework.aop.support.AopUtils.invokeJoinpointUsingReflection(AopUtils.java:352)
	at org.springframework.aop.framework.ReflectiveMethodInvocation.invokeJoinpoint(ReflectiveMethodInvocation.java:196)
	at org.springframework.aop.framework.ReflectiveMethodInvocation.proceed(ReflectiveMethodInvocation.java:163)
	at org.springframework.aop.framework.CglibAopProxy$CglibMethodInvocation.proceed(CglibAopProxy.java:765)
	at org.springframework.validation.beanvalidation.MethodValidationInterceptor.invoke(MethodValidationInterceptor.java:174)
	at org.springframework.aop.framework.ReflectiveMethodInvocation.proceed(ReflectiveMethodInvocation.java:184)
	at org.springframework.aop.framework.CglibAopProxy$CglibMethodInvocation.proceed(CglibAopProxy.java:765)
	at org.springframework.aop.framework.CglibAopProxy$DynamicAdvisedInterceptor.intercept(CglibAopProxy.java:717)
	at ru.netology.cardtocardservice.controler.TransferControler$$SpringCGLIB$$0.doTransfer(<generated>)
	at java.base/jdk.internal.reflect.DirectMethodHandleAccessor.invoke(DirectMethodHandleAccessor.java:103)
	at java.base/java.lang.reflect.Method.invoke(Method.java:580)
	at org.springframework.web.method.support.InvocableHandlerMethod.doInvoke(InvocableHandlerMethod.java:262)
	at org.springframework.web.method.support.InvocableHandlerMethod.invokeForRequest(InvocableHandlerMethod.java:190)
	at org.springframework.web.servlet.mvc.method.annotation.ServletInvocableHandlerMethod.invokeAndHandle(ServletInvocableHandlerMethod.java:118)
	at org.springframework.web.servlet.mvc.method.annotation.RequestMappingHandlerAdapter.invokeHandlerMethod(RequestMappingHandlerAdapter.java:917)
	at org.springframework.web.servlet.mvc.method.annotation.RequestMappingHandlerAdapter.handleInternal(RequestMappingHandlerAdapter.java:829)
	at org.springframework.web.servlet.mvc.method.AbstractHandlerMethodAdapter.handle(AbstractHandlerMethodAdapter.java:87)
	at org.springframework.web.servlet.DispatcherServlet.doDispatch(DispatcherServlet.java:1089)
	at org.springframework.web.servlet.DispatcherServlet.doService(DispatcherServlet.java:979)
	at org.springframework.web.servlet.FrameworkServlet.processRequest(FrameworkServlet.java:1014)
	at org.springframework.web.servlet.FrameworkServlet.doPost(FrameworkServlet.java:914)
	at jakarta.servlet.http.HttpServlet.service(HttpServlet.java:590)
	at org.springframework.web.servlet.FrameworkServlet.service(FrameworkServlet.java:885)
	at jakarta.servlet.http.HttpServlet.service(HttpServlet.java:658)
	at org.apache.catalina.core.ApplicationFilterChain.internalDoFilter(ApplicationFilterChain.java:205)
	at org.apache.catalina.core.ApplicationFilterChain.doFilter(ApplicationFilterChain.java:149)
	at org.apache.tomcat.websocket.server.WsFilter.doFilter(WsFilter.java:51)
	at org.apache.catalina.core.ApplicationFilterChain.internalDoFilter(ApplicationFilterChain.java:174)
	at org.apache.catalina.core.ApplicationFilterChain.doFilter(ApplicationFilterChain.java:149)
	at org.springframework.web.filter.RequestContextFilter.doFilterInternal(RequestContextFilter.java:100)
	at org.springframework.web.filter.OncePerRequestFilter.doFilter(OncePerRequestFilter.java:116)
	at org.apache.catalina.core.ApplicationFilterChain.internalDoFilter(ApplicationFilterChain.java:174)
	at org.apache.catalina.core.ApplicationFilterChain.doFilter(ApplicationFilterChain.java:149)
	at org.springframework.web.filter.FormContentFilter.doFilterInternal(FormContentFilter.java:93)
	at org.springframework.web.filter.OncePerRequestFilter.doFilter(OncePerRequestFilter.java:116)
	at org.apache.catalina.core.ApplicationFilterChain.internalDoFilter(ApplicationFilterChain.java:174)
	at org.apache.catalina.core.ApplicationFilterChain.doFilter(ApplicationFilterChain.java:149)
	at org.springframework.web.filter.CharacterEncodingFilter.doFilterInternal(CharacterEncodingFilter.java:201)
	at org.springframework.web.filter.OncePerRequestFilter.doFilter(OncePerRequestFilter.java:116)
	at org.apache.catalina.core.ApplicationFilterChain.internalDoFilter(ApplicationFilterChain.java:174)
	at org.apache.catalina.core.ApplicationFilterChain.doFilter(ApplicationFilterChain.java:149)
	at org.apache.catalina.core.StandardWrapperValve.invoke(StandardWrapperValve.java:167)
	at org.apache.catalina.core.StandardContextValve.invoke(StandardContextValve.java:90)
	at org.apache.catalina.authenticator.AuthenticatorBase.invoke(AuthenticatorBase.java:482)
	at org.apache.catalina.core.StandardHostValve.invoke(StandardHostValve.java:115)
	at org.apache.catalina.valves.ErrorReportValve.invoke(ErrorReportValve.java:93)
	at org.apache.catalina.core.StandardEngineValve.invoke(StandardEngineValve.java:74)
	at org.apache.catalina.connector.CoyoteAdapter.service(CoyoteAdapter.java:340)
	at org.apache.coyote.http11.Http11Processor.service(Http11Processor.java:391)
	at org.apache.coyote.AbstractProcessorLight.process(AbstractProcessorLight.java:63)
	at org.apache.coyote.AbstractProtocol$ConnectionHandler.process(AbstractProtocol.java:896)
	at org.apache.tomcat.util.net.NioEndpoint$SocketProcessor.doRun(NioEndpoint.java:1744)
	at org.apache.tomcat.util.net.SocketProcessorBase.run(SocketProcessorBase.java:52)
	at org.apache.tomcat.util.threads.ThreadPoolExecutor.runWorker(ThreadPoolExecutor.java:1191)
	at org.apache.tomcat.util.threads.ThreadPoolExecutor$Worker.run(ThreadPoolExecutor.java:659)
	at org.apache.tomcat.util.threads.TaskThread$WrappingRunnable.run(TaskThread.java:61)
	at java.base/java.lang.Thread.run(Thread.java:1583)
"2024-01-06 11:27:16 [main] INFO  r.n.c.CardToCardServiceApplication - Starting CardToCardServiceApplication using Java 21 with PID 10852 (C:\Programming\Netology\Projects\_diplom\card-to-card-service\target\classes started by GPB in C:\Programming\Netology\Projects\_diplom\card-to-card-service)
""2024-01-06 11:27:16 [main] INFO  r.n.c.CardToCardServiceApplication - No active profile set, falling back to 1 default profile: "default"
""2024-01-06 11:27:17 [main] INFO  o.s.b.w.e.tomcat.TomcatWebServer - Tomcat initialized with port 8080 (http)
""2024-01-06 11:27:17 [main] INFO  o.a.catalina.core.StandardService - Starting service [Tomcat]
""2024-01-06 11:27:17 [main] INFO  o.a.catalina.core.StandardEngine - Starting Servlet engine: [Apache Tomcat/10.1.17]
""2024-01-06 11:27:17 [main] INFO  o.a.c.c.C.[Tomcat].[localhost].[/] - Initializing Spring embedded WebApplicationContext
""2024-01-06 11:27:17 [main] INFO  o.s.b.w.s.c.ServletWebServerApplicationContext - Root WebApplicationContext: initialization completed in 550 ms
""2024-01-06 11:27:17 [main] INFO  o.s.b.w.e.tomcat.TomcatWebServer - Tomcat started on port 8080 (http) with context path ''
""2024-01-06 11:27:17 [main] INFO  r.n.c.CardToCardServiceApplication - Started CardToCardServiceApplication in 1.046 seconds (process running for 1.399)
""2024-01-06 11:27:20 [http-nio-8080-exec-2] INFO  o.a.c.c.C.[Tomcat].[localhost].[/] - Initializing Spring DispatcherServlet 'dispatcherServlet'
""2024-01-06 11:27:20 [http-nio-8080-exec-2] INFO  o.s.web.servlet.DispatcherServlet - Initializing Servlet 'dispatcherServlet'
""2024-01-06 11:27:20 [http-nio-8080-exec-2] INFO  o.s.web.servlet.DispatcherServlet - Completed initialization in 1 ms
""2024-01-06 11:27:20 [http-nio-8080-exec-2] INFO  r.n.c.controler.TransferControler - TransferInfo(cardFromNumber=4548987854653322, cardFromValidTill=0824, cardFromCVV=581, cardToNumber=4548987854653311, amount=TransferAmount(value=500, currency=RUB), transactionRegistrationTime=null, commissionAmount=null)
""2024-01-06 11:27:20 [http-nio-8080-exec-2] INFO  r.n.c.controler.TransferControler - test
""2024-01-06 11:28:03 [main] INFO  r.n.c.CardToCardServiceApplication - Starting CardToCardServiceApplication using Java 21 with PID 13384 (C:\Programming\Netology\Projects\_diplom\card-to-card-service\target\classes started by GPB in C:\Programming\Netology\Projects\_diplom\card-to-card-service)
""2024-01-06 11:28:03 [main] INFO  r.n.c.CardToCardServiceApplication - No active profile set, falling back to 1 default profile: "default"
""2024-01-06 11:28:04 [main] INFO  o.s.b.w.e.tomcat.TomcatWebServer - Tomcat initialized with port 8080 (http)
""2024-01-06 11:28:04 [main] INFO  o.a.catalina.core.StandardService - Starting service [Tomcat]
""2024-01-06 11:28:04 [main] INFO  o.a.catalina.core.StandardEngine - Starting Servlet engine: [Apache Tomcat/10.1.17]
""2024-01-06 11:28:04 [main] INFO  o.a.c.c.C.[Tomcat].[localhost].[/] - Initializing Spring embedded WebApplicationContext
""2024-01-06 11:28:04 [main] INFO  o.s.b.w.s.c.ServletWebServerApplicationContext - Root WebApplicationContext: initialization completed in 539 ms
""2024-01-06 11:28:04 [main] INFO  o.s.b.w.e.tomcat.TomcatWebServer - Tomcat started on port 8080 (http) with context path ''
""2024-01-06 11:28:04 [main] INFO  r.n.c.CardToCardServiceApplication - Started CardToCardServiceApplication in 1.032 seconds (process running for 1.4)
""2024-01-06 11:28:06 [http-nio-8080-exec-2] INFO  o.a.c.c.C.[Tomcat].[localhost].[/] - Initializing Spring DispatcherServlet 'dispatcherServlet'
""2024-01-06 11:28:06 [http-nio-8080-exec-2] INFO  o.s.web.servlet.DispatcherServlet - Initializing Servlet 'dispatcherServlet'
""2024-01-06 11:28:06 [http-nio-8080-exec-2] INFO  o.s.web.servlet.DispatcherServlet - Completed initialization in 0 ms
""2024-01-06 11:28:06 [http-nio-8080-exec-2] INFO  r.n.c.controler.TransferControler - TransferInfo(cardFromNumber=4548987854653322, cardFromValidTill=0824, cardFromCVV=581, cardToNumber=4548987854653311, amount=TransferAmount(value=500, currency=RUB), transactionRegistrationTime=null, commissionAmount=null)
""2024-01-06 11:28:06 [http-nio-8080-exec-2] INFO  r.n.c.controler.TransferControler - test
""2024-01-06 11:30:54 [main] INFO  r.n.c.CardToCardServiceApplication - Starting CardToCardServiceApplication using Java 21 with PID 13680 (C:\Programming\Netology\Projects\_diplom\card-to-card-service\target\classes started by GPB in C:\Programming\Netology\Projects\_diplom\card-to-card-service)
""2024-01-06 11:30:54 [main] INFO  r.n.c.CardToCardServiceApplication - No active profile set, falling back to 1 default profile: "default"
""2024-01-06 11:30:54 [main] INFO  o.s.b.w.e.tomcat.TomcatWebServer - Tomcat initialized with port 8080 (http)
""2024-01-06 11:30:54 [main] INFO  o.a.catalina.core.StandardService - Starting service [Tomcat]
""2024-01-06 11:30:54 [main] INFO  o.a.catalina.core.StandardEngine - Starting Servlet engine: [Apache Tomcat/10.1.17]
""2024-01-06 11:30:55 [main] INFO  o.a.c.c.C.[Tomcat].[localhost].[/] - Initializing Spring embedded WebApplicationContext
""2024-01-06 11:30:55 [main] INFO  o.s.b.w.s.c.ServletWebServerApplicationContext - Root WebApplicationContext: initialization completed in 561 ms
""2024-01-06 11:30:55 [main] INFO  o.s.b.w.e.tomcat.TomcatWebServer - Tomcat started on port 8080 (http) with context path ''
""2024-01-06 11:30:55 [main] INFO  r.n.c.CardToCardServiceApplication - Started CardToCardServiceApplication in 1.047 seconds (process running for 1.396)
""2024-01-06 11:30:57 [http-nio-8080-exec-2] INFO  o.a.c.c.C.[Tomcat].[localhost].[/] - Initializing Spring DispatcherServlet 'dispatcherServlet'
""2024-01-06 11:30:57 [http-nio-8080-exec-2] INFO  o.s.web.servlet.DispatcherServlet - Initializing Servlet 'dispatcherServlet'
""2024-01-06 11:30:57 [http-nio-8080-exec-2] INFO  o.s.web.servlet.DispatcherServlet - Completed initialization in 1 ms
""2024-01-06 11:30:57 [http-nio-8080-exec-2] INFO  r.n.c.controler.TransferControler - TransferInfo(cardFromNumber=4548987854653322, cardFromValidTill=0824, cardFromCVV=581, cardToNumber=4548987854653311, amount=TransferAmount(value=500, currency=RUB), transactionRegistrationTime=null, commissionAmount=null)
""2024-01-06 11:30:57 [http-nio-8080-exec-2] INFO  r.n.c.controler.TransferControler - test
""2024-01-06 11:31:17 [main] INFO  r.n.c.CardToCardServiceApplication - Starting CardToCardServiceApplication using Java 21 with PID 964 (C:\Programming\Netology\Projects\_diplom\card-to-card-service\target\classes started by GPB in C:\Programming\Netology\Projects\_diplom\card-to-card-service)
""2024-01-06 11:31:17 [main] INFO  r.n.c.CardToCardServiceApplication - No active profile set, falling back to 1 default profile: "default"
""2024-01-06 11:31:17 [main] INFO  o.s.b.w.e.tomcat.TomcatWebServer - Tomcat initialized with port 8080 (http)
""2024-01-06 11:31:17 [main] INFO  o.a.catalina.core.StandardService - Starting service [Tomcat]
""2024-01-06 11:31:17 [main] INFO  o.a.catalina.core.StandardEngine - Starting Servlet engine: [Apache Tomcat/10.1.17]
""2024-01-06 11:31:17 [main] INFO  o.a.c.c.C.[Tomcat].[localhost].[/] - Initializing Spring embedded WebApplicationContext
""2024-01-06 11:31:17 [main] INFO  o.s.b.w.s.c.ServletWebServerApplicationContext - Root WebApplicationContext: initialization completed in 553 ms
""2024-01-06 11:31:18 [main] INFO  o.s.b.w.e.tomcat.TomcatWebServer - Tomcat started on port 8080 (http) with context path ''
""2024-01-06 11:31:18 [main] INFO  r.n.c.CardToCardServiceApplication - Started CardToCardServiceApplication in 1.057 seconds (process running for 1.426)
""2024-01-06 11:31:19 [http-nio-8080-exec-2] INFO  o.a.c.c.C.[Tomcat].[localhost].[/] - Initializing Spring DispatcherServlet 'dispatcherServlet'
""2024-01-06 11:31:19 [http-nio-8080-exec-2] INFO  o.s.web.servlet.DispatcherServlet - Initializing Servlet 'dispatcherServlet'
""2024-01-06 11:31:19 [http-nio-8080-exec-2] INFO  o.s.web.servlet.DispatcherServlet - Completed initialization in 2 ms
""2024-01-06 11:31:19 [http-nio-8080-exec-2] INFO  r.n.c.controler.TransferControler - TransferInfo(cardFromNumber=4548987854653322, cardFromValidTill=0824, cardFromCVV=581, cardToNumber=4548987854653311, amount=TransferAmount(value=500, currency=RUB), transactionRegistrationTime=null, commissionAmount=null)
""2024-01-06 11:31:19 [http-nio-8080-exec-2] INFO  r.n.c.controler.TransferControler - test
""2024-01-06 11:31:35 [main] INFO  r.n.c.CardToCardServiceApplication - Starting CardToCardServiceApplication using Java 21 with PID 4680 (C:\Programming\Netology\Projects\_diplom\card-to-card-service\target\classes started by GPB in C:\Programming\Netology\Projects\_diplom\card-to-card-service)
""2024-01-06 11:31:35 [main] INFO  r.n.c.CardToCardServiceApplication - No active profile set, falling back to 1 default profile: "default"
""2024-01-06 11:31:35 [main] INFO  o.s.b.w.e.tomcat.TomcatWebServer - Tomcat initialized with port 8080 (http)
""2024-01-06 11:31:35 [main] INFO  o.a.catalina.core.StandardService - Starting service [Tomcat]
""2024-01-06 11:31:35 [main] INFO  o.a.catalina.core.StandardEngine - Starting Servlet engine: [Apache Tomcat/10.1.17]
""2024-01-06 11:31:35 [main] INFO  o.a.c.c.C.[Tomcat].[localhost].[/] - Initializing Spring embedded WebApplicationContext
""2024-01-06 11:31:35 [main] INFO  o.s.b.w.s.c.ServletWebServerApplicationContext - Root WebApplicationContext: initialization completed in 532 ms
""2024-01-06 11:31:36 [main] INFO  o.s.b.w.e.tomcat.TomcatWebServer - Tomcat started on port 8080 (http) with context path ''
""2024-01-06 11:31:36 [main] INFO  r.n.c.CardToCardServiceApplication - Started CardToCardServiceApplication in 1.022 seconds (process running for 1.377)
""2024-01-06 11:31:37 [http-nio-8080-exec-2] INFO  o.a.c.c.C.[Tomcat].[localhost].[/] - Initializing Spring DispatcherServlet 'dispatcherServlet'
""2024-01-06 11:31:37 [http-nio-8080-exec-2] INFO  o.s.web.servlet.DispatcherServlet - Initializing Servlet 'dispatcherServlet'
""2024-01-06 11:31:37 [http-nio-8080-exec-2] INFO  o.s.web.servlet.DispatcherServlet - Completed initialization in 1 ms
""2024-01-06 11:31:57 [main] INFO  r.n.c.CardToCardServiceApplication - Starting CardToCardServiceApplication using Java 21 with PID 3624 (C:\Programming\Netology\Projects\_diplom\card-to-card-service\target\classes started by GPB in C:\Programming\Netology\Projects\_diplom\card-to-card-service)
""2024-01-06 11:31:57 [main] INFO  r.n.c.CardToCardServiceApplication - No active profile set, falling back to 1 default profile: "default"
""2024-01-06 11:31:58 [main] INFO  o.s.b.w.e.tomcat.TomcatWebServer - Tomcat initialized with port 8080 (http)
""2024-01-06 11:31:58 [main] INFO  o.a.catalina.core.StandardService - Starting service [Tomcat]
""2024-01-06 11:31:58 [main] INFO  o.a.catalina.core.StandardEngine - Starting Servlet engine: [Apache Tomcat/10.1.17]
""2024-01-06 11:31:58 [main] INFO  o.a.c.c.C.[Tomcat].[localhost].[/] - Initializing Spring embedded WebApplicationContext
""2024-01-06 11:31:58 [main] INFO  o.s.b.w.s.c.ServletWebServerApplicationContext - Root WebApplicationContext: initialization completed in 535 ms
""2024-01-06 11:31:58 [main] INFO  o.s.b.w.e.tomcat.TomcatWebServer - Tomcat started on port 8080 (http) with context path ''
""2024-01-06 11:31:58 [main] INFO  r.n.c.CardToCardServiceApplication - Started CardToCardServiceApplication in 1.044 seconds (process running for 1.403)
""2024-01-06 11:31:58 [http-nio-8080-exec-1] INFO  o.a.c.c.C.[Tomcat].[localhost].[/] - Initializing Spring DispatcherServlet 'dispatcherServlet'
""2024-01-06 11:31:58 [http-nio-8080-exec-1] INFO  o.s.web.servlet.DispatcherServlet - Initializing Servlet 'dispatcherServlet'
""2024-01-06 11:31:58 [http-nio-8080-exec-1] INFO  o.s.web.servlet.DispatcherServlet - Completed initialization in 1 ms
""2024-01-06 11:31:58 [http-nio-8080-exec-1] INFO  r.n.c.controler.TransferControler - TransferInfo(cardFromNumber=4548987854653322, cardFromValidTill=0824, cardFromCVV=581, cardToNumber=4548987854653311, amount=TransferAmount(value=500, currency=RUB), transactionRegistrationTime=null, commissionAmount=null)
""2024-01-06 11:31:58 [http-nio-8080-exec-1] INFO  r.n.c.controler.TransferControler - test
""2024-01-06 11:32:14 [main] INFO  r.n.c.CardToCardServiceApplication - Starting CardToCardServiceApplication using Java 21 with PID 13696 (C:\Programming\Netology\Projects\_diplom\card-to-card-service\target\classes started by GPB in C:\Programming\Netology\Projects\_diplom\card-to-card-service)
""2024-01-06 11:32:14 [main] INFO  r.n.c.CardToCardServiceApplication - No active profile set, falling back to 1 default profile: "default"
""2024-01-06 11:32:15 [main] INFO  o.s.b.w.e.tomcat.TomcatWebServer - Tomcat initialized with port 8080 (http)
""2024-01-06 11:32:15 [main] INFO  o.a.catalina.core.StandardService - Starting service [Tomcat]
""2024-01-06 11:32:15 [main] INFO  o.a.catalina.core.StandardEngine - Starting Servlet engine: [Apache Tomcat/10.1.17]
""2024-01-06 11:32:15 [main] INFO  o.a.c.c.C.[Tomcat].[localhost].[/] - Initializing Spring embedded WebApplicationContext
""2024-01-06 11:32:15 [main] INFO  o.s.b.w.s.c.ServletWebServerApplicationContext - Root WebApplicationContext: initialization completed in 556 ms
""2024-01-06 11:32:15 [main] INFO  o.s.b.w.e.tomcat.TomcatWebServer - Tomcat started on port 8080 (http) with context path ''
""2024-01-06 11:32:15 [main] INFO  r.n.c.CardToCardServiceApplication - Started CardToCardServiceApplication in 1.058 seconds (process running for 1.403)
""2024-01-06 11:32:17 [http-nio-8080-exec-1] INFO  o.a.c.c.C.[Tomcat].[localhost].[/] - Initializing Spring DispatcherServlet 'dispatcherServlet'
""2024-01-06 11:32:17 [http-nio-8080-exec-1] INFO  o.s.web.servlet.DispatcherServlet - Initializing Servlet 'dispatcherServlet'
""2024-01-06 11:32:17 [http-nio-8080-exec-1] INFO  o.s.web.servlet.DispatcherServlet - Completed initialization in 0 ms
""2024-01-06 11:34:07 [main] INFO  r.n.c.CardToCardServiceApplication - Starting CardToCardServiceApplication using Java 21 with PID 13652 (C:\Programming\Netology\Projects\_diplom\card-to-card-service\target\classes started by GPB in C:\Programming\Netology\Projects\_diplom\card-to-card-service)
""2024-01-06 11:34:07 [main] INFO  r.n.c.CardToCardServiceApplication - No active profile set, falling back to 1 default profile: "default"
""2024-01-06 11:34:07 [main] INFO  o.s.b.w.e.tomcat.TomcatWebServer - Tomcat initialized with port 8080 (http)
""2024-01-06 11:34:07 [main] INFO  o.a.catalina.core.StandardService - Starting service [Tomcat]
""2024-01-06 11:34:07 [main] INFO  o.a.catalina.core.StandardEngine - Starting Servlet engine: [Apache Tomcat/10.1.17]
""2024-01-06 11:34:07 [main] INFO  o.a.c.c.C.[Tomcat].[localhost].[/] - Initializing Spring embedded WebApplicationContext
""2024-01-06 11:34:07 [main] INFO  o.s.b.w.s.c.ServletWebServerApplicationContext - Root WebApplicationContext: initialization completed in 557 ms
""2024-01-06 11:34:07 [main] INFO  o.s.b.w.e.tomcat.TomcatWebServer - Tomcat started on port 8080 (http) with context path ''
""2024-01-06 11:34:07 [main] INFO  r.n.c.CardToCardServiceApplication - Started CardToCardServiceApplication in 1.041 seconds (process running for 1.421)
""2024-01-06 11:34:09 [http-nio-8080-exec-2] INFO  o.a.c.c.C.[Tomcat].[localhost].[/] - Initializing Spring DispatcherServlet 'dispatcherServlet'
""2024-01-06 11:34:09 [http-nio-8080-exec-2] INFO  o.s.web.servlet.DispatcherServlet - Initializing Servlet 'dispatcherServlet'
""2024-01-06 11:34:09 [http-nio-8080-exec-2] INFO  o.s.web.servlet.DispatcherServlet - Completed initialization in 1 ms
""2024-01-06 11:34:09 [http-nio-8080-exec-2] INFO  r.n.c.controler.TransferControler - TransferInfo(cardFromNumber=4548987854653322, cardFromValidTill=0824, cardFromCVV=581, cardToNumber=4548987854653311, amount=TransferAmount(value=500, currency=RUB), transactionRegistrationTime=null, commissionAmount=null)
""2024-01-06 11:34:09 [http-nio-8080-exec-2] INFO  r.n.c.controler.TransferControler - test
""2024-01-06 11:41:20 [main] INFO  r.n.c.CardToCardServiceApplication - Starting CardToCardServiceApplication using Java 21 with PID 17708 (C:\Programming\Netology\Projects\_diplom\card-to-card-service\target\classes started by GPB in C:\Programming\Netology\Projects\_diplom\card-to-card-service)
""2024-01-06 11:41:20 [main] INFO  r.n.c.CardToCardServiceApplication - No active profile set, falling back to 1 default profile: "default"
""2024-01-06 11:41:21 [main] INFO  o.s.b.w.e.tomcat.TomcatWebServer - Tomcat initialized with port 8080 (http)
""2024-01-06 11:41:21 [main] INFO  o.a.catalina.core.StandardService - Starting service [Tomcat]
""2024-01-06 11:41:21 [main] INFO  o.a.catalina.core.StandardEngine - Starting Servlet engine: [Apache Tomcat/10.1.17]
""2024-01-06 11:41:21 [main] INFO  o.a.c.c.C.[Tomcat].[localhost].[/] - Initializing Spring embedded WebApplicationContext
""2024-01-06 11:41:21 [main] INFO  o.s.b.w.s.c.ServletWebServerApplicationContext - Root WebApplicationContext: initialization completed in 751 ms
""2024-01-06 11:41:21 [main] INFO  o.s.b.w.e.tomcat.TomcatWebServer - Tomcat started on port 8080 (http) with context path ''
""2024-01-06 11:41:21 [main] INFO  r.n.c.CardToCardServiceApplication - Started CardToCardServiceApplication in 1.257 seconds (process running for 1.624)
""2024-01-06 11:41:24 [http-nio-8080-exec-3] INFO  o.a.c.c.C.[Tomcat].[localhost].[/] - Initializing Spring DispatcherServlet 'dispatcherServlet'
""2024-01-06 11:41:24 [http-nio-8080-exec-3] INFO  o.s.web.servlet.DispatcherServlet - Initializing Servlet 'dispatcherServlet'
""2024-01-06 11:41:24 [http-nio-8080-exec-3] INFO  o.s.web.servlet.DispatcherServlet - Completed initialization in 1 ms
""2024-01-06 11:41:24 [http-nio-8080-exec-3] INFO  r.n.c.controler.TransferControler - TransferInfo(cardFromNumber=4548987854653322, cardFromValidTill=0824, cardFromCVV=581, cardToNumber=4548987854653311, amount=TransferAmount(value=500, currency=RUB), transactionRegistrationTime=null, commissionAmount=null)
""2024-01-06 11:41:24 [http-nio-8080-exec-3] INFO  r.n.c.controler.TransferControler - test
""2024-01-06 11:47:35 [main] INFO  r.n.c.CardToCardServiceApplication - Starting CardToCardServiceApplication using Java 21 with PID 8804 (C:\Programming\Netology\Projects\_diplom\card-to-card-service\target\classes started by GPB in C:\Programming\Netology\Projects\_diplom\card-to-card-service)
""2024-01-06 11:47:35 [main] INFO  r.n.c.CardToCardServiceApplication - No active profile set, falling back to 1 default profile: "default"
""2024-01-06 11:47:35 [main] INFO  o.s.b.w.e.tomcat.TomcatWebServer - Tomcat initialized with port 8080 (http)
""2024-01-06 11:47:35 [main] INFO  o.a.catalina.core.StandardService - Starting service [Tomcat]
""2024-01-06 11:47:35 [main] INFO  o.a.catalina.core.StandardEngine - Starting Servlet engine: [Apache Tomcat/10.1.17]
""2024-01-06 11:47:35 [main] INFO  o.a.c.c.C.[Tomcat].[localhost].[/] - Initializing Spring embedded WebApplicationContext
""2024-01-06 11:47:35 [main] INFO  o.s.b.w.s.c.ServletWebServerApplicationContext - Root WebApplicationContext: initialization completed in 556 ms
""2024-01-06 11:47:36 [main] INFO  o.s.b.w.e.tomcat.TomcatWebServer - Tomcat started on port 8080 (http) with context path ''
""2024-01-06 11:47:36 [main] INFO  r.n.c.CardToCardServiceApplication - Started CardToCardServiceApplication in 1.037 seconds (process running for 1.384)
""2024-01-06 11:47:43 [http-nio-8080-exec-2] INFO  o.a.c.c.C.[Tomcat].[localhost].[/] - Initializing Spring DispatcherServlet 'dispatcherServlet'
""2024-01-06 11:47:43 [http-nio-8080-exec-2] INFO  o.s.web.servlet.DispatcherServlet - Initializing Servlet 'dispatcherServlet'
""2024-01-06 11:47:43 [http-nio-8080-exec-2] INFO  o.s.web.servlet.DispatcherServlet - Completed initialization in 0 ms
""2024-01-06 11:48:56 [main] INFO  r.n.c.CardToCardServiceApplication - Starting CardToCardServiceApplication using Java 21 with PID 7204 (C:\Programming\Netology\Projects\_diplom\card-to-card-service\target\classes started by GPB in C:\Programming\Netology\Projects\_diplom\card-to-card-service)
""2024-01-06 11:48:56 [main] INFO  r.n.c.CardToCardServiceApplication - No active profile set, falling back to 1 default profile: "default"
""2024-01-06 11:48:57 [main] INFO  o.s.b.w.e.tomcat.TomcatWebServer - Tomcat initialized with port 8080 (http)
""2024-01-06 11:48:57 [main] INFO  o.a.catalina.core.StandardService - Starting service [Tomcat]
""2024-01-06 11:48:57 [main] INFO  o.a.catalina.core.StandardEngine - Starting Servlet engine: [Apache Tomcat/10.1.17]
""2024-01-06 11:48:57 [main] INFO  o.a.c.c.C.[Tomcat].[localhost].[/] - Initializing Spring embedded WebApplicationContext
""2024-01-06 11:48:57 [main] INFO  o.s.b.w.s.c.ServletWebServerApplicationContext - Root WebApplicationContext: initialization completed in 534 ms
""2024-01-06 11:48:57 [main] INFO  o.s.b.w.e.tomcat.TomcatWebServer - Tomcat started on port 8080 (http) with context path ''
""2024-01-06 11:48:57 [main] INFO  r.n.c.CardToCardServiceApplication - Started CardToCardServiceApplication in 1.021 seconds (process running for 1.382)
""2024-01-06 11:48:58 [http-nio-8080-exec-2] INFO  o.a.c.c.C.[Tomcat].[localhost].[/] - Initializing Spring DispatcherServlet 'dispatcherServlet'
""2024-01-06 11:48:58 [http-nio-8080-exec-2] INFO  o.s.web.servlet.DispatcherServlet - Initializing Servlet 'dispatcherServlet'
""2024-01-06 11:48:58 [http-nio-8080-exec-2] INFO  o.s.web.servlet.DispatcherServlet - Completed initialization in 0 ms
""2024-01-06 11:49:36 [main] INFO  r.n.c.CardToCardServiceApplication - Starting CardToCardServiceApplication using Java 21 with PID 12592 (C:\Programming\Netology\Projects\_diplom\card-to-card-service\target\classes started by GPB in C:\Programming\Netology\Projects\_diplom\card-to-card-service)
""2024-01-06 11:49:36 [main] INFO  r.n.c.CardToCardServiceApplication - No active profile set, falling back to 1 default profile: "default"
""2024-01-06 11:49:36 [main] INFO  o.s.b.w.e.tomcat.TomcatWebServer - Tomcat initialized with port 8080 (http)
""2024-01-06 11:49:36 [main] INFO  o.a.catalina.core.StandardService - Starting service [Tomcat]
""2024-01-06 11:49:36 [main] INFO  o.a.catalina.core.StandardEngine - Starting Servlet engine: [Apache Tomcat/10.1.17]
""2024-01-06 11:49:36 [main] INFO  o.a.c.c.C.[Tomcat].[localhost].[/] - Initializing Spring embedded WebApplicationContext
""2024-01-06 11:49:36 [main] INFO  o.s.b.w.s.c.ServletWebServerApplicationContext - Root WebApplicationContext: initialization completed in 564 ms
""2024-01-06 11:49:37 [main] INFO  o.s.b.w.e.tomcat.TomcatWebServer - Tomcat started on port 8080 (http) with context path ''
""2024-01-06 11:49:37 [main] INFO  r.n.c.CardToCardServiceApplication - Started CardToCardServiceApplication in 1.067 seconds (process running for 1.41)
""2024-01-06 11:49:38 [http-nio-8080-exec-2] INFO  o.a.c.c.C.[Tomcat].[localhost].[/] - Initializing Spring DispatcherServlet 'dispatcherServlet'
""2024-01-06 11:49:38 [http-nio-8080-exec-2] INFO  o.s.web.servlet.DispatcherServlet - Initializing Servlet 'dispatcherServlet'
""2024-01-06 11:49:38 [http-nio-8080-exec-2] INFO  o.s.web.servlet.DispatcherServlet - Completed initialization in 1 ms
""2024-01-06 11:56:16 [main] INFO  r.n.c.CardToCardServiceApplication - Starting CardToCardServiceApplication using Java 21 with PID 10596 (C:\Programming\Netology\Projects\_diplom\card-to-card-service\target\classes started by GPB in C:\Programming\Netology\Projects\_diplom\card-to-card-service)
""2024-01-06 11:56:16 [main] INFO  r.n.c.CardToCardServiceApplication - No active profile set, falling back to 1 default profile: "default"
""2024-01-06 11:56:17 [main] INFO  o.s.b.w.e.tomcat.TomcatWebServer - Tomcat initialized with port 8080 (http)
""2024-01-06 11:56:17 [main] INFO  o.a.catalina.core.StandardService - Starting service [Tomcat]
""2024-01-06 11:56:17 [main] INFO  o.a.catalina.core.StandardEngine - Starting Servlet engine: [Apache Tomcat/10.1.17]
""2024-01-06 11:56:17 [main] INFO  o.a.c.c.C.[Tomcat].[localhost].[/] - Initializing Spring embedded WebApplicationContext
""2024-01-06 11:56:17 [main] INFO  o.s.b.w.s.c.ServletWebServerApplicationContext - Root WebApplicationContext: initialization completed in 605 ms
""2024-01-06 11:56:17 [main] INFO  o.s.b.w.e.tomcat.TomcatWebServer - Tomcat started on port 8080 (http) with context path ''
""2024-01-06 11:56:17 [main] INFO  r.n.c.CardToCardServiceApplication - Started CardToCardServiceApplication in 1.133 seconds (process running for 1.486)
""2024-01-06 11:56:27 [http-nio-8080-exec-2] INFO  o.a.c.c.C.[Tomcat].[localhost].[/] - Initializing Spring DispatcherServlet 'dispatcherServlet'
""2024-01-06 11:56:27 [http-nio-8080-exec-2] INFO  o.s.web.servlet.DispatcherServlet - Initializing Servlet 'dispatcherServlet'
""2024-01-06 11:56:27 [http-nio-8080-exec-2] INFO  o.s.web.servlet.DispatcherServlet - Completed initialization in 1 ms
""2024-01-06 11:57:07 [http-nio-8080-exec-7] INFO  r.n.c.controler.TransferControler - TransferInfo(cardFromNumber=4548987854653322, cardFromValidTill=1025, cardFromCVV=581, cardToNumber=4548987854653311, amount=TransferAmount(value=500, currency=RUB), transactionRegistrationTime=null, commissionAmount=null)
""2024-01-06 11:57:07 [http-nio-8080-exec-7] INFO  r.n.c.controler.TransferControler - test
""2024-01-06 12:09:12 [main] INFO  r.n.c.CardToCardServiceApplication - Starting CardToCardServiceApplication using Java 21 with PID 4476 (C:\Programming\Netology\Projects\_diplom\card-to-card-service\target\classes started by GPB in C:\Programming\Netology\Projects\_diplom\card-to-card-service)
""2024-01-06 12:09:12 [main] INFO  r.n.c.CardToCardServiceApplication - No active profile set, falling back to 1 default profile: "default"
""2024-01-06 12:09:13 [main] INFO  o.s.b.w.e.tomcat.TomcatWebServer - Tomcat initialized with port 8080 (http)
""2024-01-06 12:09:13 [main] INFO  o.a.catalina.core.StandardService - Starting service [Tomcat]
""2024-01-06 12:09:13 [main] INFO  o.a.catalina.core.StandardEngine - Starting Servlet engine: [Apache Tomcat/10.1.17]
""2024-01-06 12:09:13 [main] INFO  o.a.c.c.C.[Tomcat].[localhost].[/] - Initializing Spring embedded WebApplicationContext
""2024-01-06 12:09:13 [main] INFO  o.s.b.w.s.c.ServletWebServerApplicationContext - Root WebApplicationContext: initialization completed in 585 ms
""2024-01-06 12:09:13 [main] INFO  o.s.b.w.e.tomcat.TomcatWebServer - Tomcat started on port 8080 (http) with context path ''
""2024-01-06 12:09:13 [main] INFO  r.n.c.CardToCardServiceApplication - Started CardToCardServiceApplication in 1.061 seconds (process running for 1.424)
""2024-01-06 12:12:21 [main] INFO  r.n.c.CardToCardServiceApplication - Starting CardToCardServiceApplication using Java 21 with PID 18624 (C:\Programming\Netology\Projects\_diplom\card-to-card-service\target\classes started by GPB in C:\Programming\Netology\Projects\_diplom\card-to-card-service)
""2024-01-06 12:12:21 [main] INFO  r.n.c.CardToCardServiceApplication - No active profile set, falling back to 1 default profile: "default"
""2024-01-06 12:12:22 [main] INFO  o.s.b.w.e.tomcat.TomcatWebServer - Tomcat initialized with port 8080 (http)
""2024-01-06 12:12:22 [main] INFO  o.a.catalina.core.StandardService - Starting service [Tomcat]
""2024-01-06 12:12:22 [main] INFO  o.a.catalina.core.StandardEngine - Starting Servlet engine: [Apache Tomcat/10.1.17]
""2024-01-06 12:12:22 [main] INFO  o.a.c.c.C.[Tomcat].[localhost].[/] - Initializing Spring embedded WebApplicationContext
""2024-01-06 12:12:22 [main] INFO  o.s.b.w.s.c.ServletWebServerApplicationContext - Root WebApplicationContext: initialization completed in 559 ms
""2024-01-06 12:12:22 [main] INFO  o.s.b.w.e.tomcat.TomcatWebServer - Tomcat started on port 8080 (http) with context path ''
""2024-01-06 12:12:22 [main] INFO  r.n.c.CardToCardServiceApplication - Started CardToCardServiceApplication in 1.063 seconds (process running for 1.416)
""2024-01-06 12:12:25 [http-nio-8080-exec-2] INFO  o.a.c.c.C.[Tomcat].[localhost].[/] - Initializing Spring DispatcherServlet 'dispatcherServlet'
""2024-01-06 12:12:25 [http-nio-8080-exec-2] INFO  o.s.web.servlet.DispatcherServlet - Initializing Servlet 'dispatcherServlet'
""2024-01-06 12:12:25 [http-nio-8080-exec-2] INFO  o.s.web.servlet.DispatcherServlet - Completed initialization in 1 ms
""2024-01-06 12:12:25 [http-nio-8080-exec-2] INFO  r.n.c.controler.TransferControler - TransferInfo(cardFromNumber=4548987854653322, cardFromValidTill=1025, cardFromCVV=581, cardToNumber=4548987854653311, amount=TransferAmount(value=500, currency=RUB), transactionRegistrationTime=null, commissionAmount=null)
""2024-01-06 12:12:58 [main] INFO  r.n.c.CardToCardServiceApplication - Starting CardToCardServiceApplication using Java 21 with PID 6112 (C:\Programming\Netology\Projects\_diplom\card-to-card-service\target\classes started by GPB in C:\Programming\Netology\Projects\_diplom\card-to-card-service)
""2024-01-06 12:12:58 [main] INFO  r.n.c.CardToCardServiceApplication - No active profile set, falling back to 1 default profile: "default"
""2024-01-06 12:12:59 [main] INFO  o.s.b.w.e.tomcat.TomcatWebServer - Tomcat initialized with port 8080 (http)
""2024-01-06 12:12:59 [main] INFO  o.a.catalina.core.StandardService - Starting service [Tomcat]
""2024-01-06 12:12:59 [main] INFO  o.a.catalina.core.StandardEngine - Starting Servlet engine: [Apache Tomcat/10.1.17]
""2024-01-06 12:12:59 [main] INFO  o.a.c.c.C.[Tomcat].[localhost].[/] - Initializing Spring embedded WebApplicationContext
""2024-01-06 12:12:59 [main] INFO  o.s.b.w.s.c.ServletWebServerApplicationContext - Root WebApplicationContext: initialization completed in 529 ms
""2024-01-06 12:12:59 [main] INFO  o.s.b.w.e.tomcat.TomcatWebServer - Tomcat started on port 8080 (http) with context path ''
""2024-01-06 12:12:59 [main] INFO  r.n.c.CardToCardServiceApplication - Started CardToCardServiceApplication in 1.008 seconds (process running for 1.357)
""2024-01-06 12:13:01 [http-nio-8080-exec-2] INFO  o.a.c.c.C.[Tomcat].[localhost].[/] - Initializing Spring DispatcherServlet 'dispatcherServlet'
""2024-01-06 12:13:01 [http-nio-8080-exec-2] INFO  o.s.web.servlet.DispatcherServlet - Initializing Servlet 'dispatcherServlet'
""2024-01-06 12:13:01 [http-nio-8080-exec-2] INFO  o.s.web.servlet.DispatcherServlet - Completed initialization in 1 ms
""2024-01-06 12:15:40 [main] INFO  r.n.c.CardToCardServiceApplication - Starting CardToCardServiceApplication using Java 21 with PID 5872 (C:\Programming\Netology\Projects\_diplom\card-to-card-service\target\classes started by GPB in C:\Programming\Netology\Projects\_diplom\card-to-card-service)
""2024-01-06 12:15:40 [main] INFO  r.n.c.CardToCardServiceApplication - No active profile set, falling back to 1 default profile: "default"
""2024-01-06 12:15:41 [main] INFO  o.s.b.w.e.tomcat.TomcatWebServer - Tomcat initialized with port 8080 (http)
""2024-01-06 12:15:41 [main] INFO  o.a.catalina.core.StandardService - Starting service [Tomcat]
""2024-01-06 12:15:41 [main] INFO  o.a.catalina.core.StandardEngine - Starting Servlet engine: [Apache Tomcat/10.1.17]
""2024-01-06 12:15:41 [main] INFO  o.a.c.c.C.[Tomcat].[localhost].[/] - Initializing Spring embedded WebApplicationContext
""2024-01-06 12:15:41 [main] INFO  o.s.b.w.s.c.ServletWebServerApplicationContext - Root WebApplicationContext: initialization completed in 550 ms
""2024-01-06 12:15:41 [main] INFO  o.s.b.w.e.tomcat.TomcatWebServer - Tomcat started on port 8080 (http) with context path ''
""2024-01-06 12:15:41 [main] INFO  r.n.c.CardToCardServiceApplication - Started CardToCardServiceApplication in 1.029 seconds (process running for 1.377)
""2024-01-06 12:15:48 [http-nio-8080-exec-1] INFO  o.a.c.c.C.[Tomcat].[localhost].[/] - Initializing Spring DispatcherServlet 'dispatcherServlet'
""2024-01-06 12:15:48 [http-nio-8080-exec-1] INFO  o.s.web.servlet.DispatcherServlet - Initializing Servlet 'dispatcherServlet'
""2024-01-06 12:15:48 [http-nio-8080-exec-1] INFO  o.s.web.servlet.DispatcherServlet - Completed initialization in 1 ms
""2024-01-06 12:15:57 [http-nio-8080-exec-6] INFO  r.n.c.controler.TransferControler - TransferInfo(cardFromNumber=4548987854653322, cardFromValidTill=1024, cardFromCVV=581, cardToNumber=4548987854653311, amount=TransferAmount(value=500, currency=RUB), transactionRegistrationTime=null, commissionAmount=null)
"